<?xml version="1.0" encoding="UTF-8"?>
<testsuites name="CuPa" time="20" tests="0" failures="0" errors="2">
   <testsuite name="CuPa" tests="0" failures="0" errors="2" time="20" timestamp="2018-03-05 14:26:00" hostname="Megapoort - DESKTOP-47R6KV7.localdomain" id="Test Suites/CuPa">
      <properties>
         <property name="deviceName" value=""/>
         <property name="devicePlatform" value=""/>
         <property name="logFolder" value="D:\\Project\\DS5.2.1\\Reports\\CuPa\\20180305_142559"/>
         <property name="logFiles" value="D:\\Project\\DS5.2.1\\Reports\\CuPa\\20180305_142559\\execution0.log"/>
         <property name="attachments" value=""/>
         <property name="hostName" value="Megapoort - DESKTOP-47R6KV7.localdomain"/>
         <property name="os" value="Windows 10 64bit"/>
         <property name="katalonVersion" value="5.3.1.1"/>
         <property name="browser" value="Chrome 64.0.3282.186"/>
         <property name="hostAddress" value="192.168.100.78"/>
         <property name="sessionId" value="2644d3bd94deebfe302adf92f8459699"/>
         <property name="seleniumVersion" value="3.7.1"/>
         <property name="proxyInformation" value="ProxyInformation{proxyOption=NO_PROXY, proxyServerType=HTTP, password=, proxyServerAddress=, proxyServerPort=0}"/>
         <property name="platform" value="Windows 10"/>
      </properties>
      <testcase name="Test Cases/CuPaStefanie/0" classname="Test Cases/CuPaStefanie/0" status="ERROR">
         <error type="ERROR" message="Test Cases/CuPaStefanie/0 FAILED because (of) Variable 'run' is not defined for test case."/>
         <system-out><![CDATA[2018-03-05 14:26:00 - [TEST_CASE][ERROR] - Test Cases/CuPaStefanie/0: Test Cases/CuPaStefanie/0 FAILED because (of) Variable 'run' is not defined for test case.

2018-03-05 14:26:00 - [TEST_STEP][PASSED] - Statement - timeStamp = new java.text.SimpleDateFormat(dd.MM.yyyy).format(java.util.Calendar.getInstance().getTime()): null

2018-03-05 14:26:01 - [TEST_STEP][PASSED] - Statement - timeStampScreenshot = new java.text.SimpleDateFormat(dd.MM.yyyy).format(java.util.Calendar.getInstance().getTime()): null

2018-03-05 14:26:01 - [TEST_STEP][PASSED] - Statement - ps = new java.io.PrintStream((((timeStamp + _Run) + run) + .txt)): null]]></system-out>
         <system-err><![CDATA[2018-03-05 14:26:00 - [TEST_CASE][ERROR] - Test Cases/CuPaStefanie/0: Test Cases/CuPaStefanie/0 FAILED because (of) Variable 'run' is not defined for test case.]]></system-err>
      </testcase>
      <testcase name="Test Cases/CuPaStefanie/2" classname="Test Cases/CuPaStefanie/2" status="ERROR">
         <error type="ERROR" message="Test Cases/CuPaStefanie/2 FAILED because (of) java.lang.ClassNotFoundException: cupaStefaniel.chngstruct"/>
         <system-out><![CDATA[2018-03-05 14:26:01 - [TEST_CASE][ERROR] - Test Cases/CuPaStefanie/2: Test Cases/CuPaStefanie/2 FAILED because (of) java.lang.ClassNotFoundException: cupaStefaniel.chngstruct

2018-03-05 14:26:01 - [TEST_STEP][PASSED] - Statement - timeStamp = new java.text.SimpleDateFormat(dd.MM.yyyy).format(java.util.Calendar.getInstance().getTime()): null

2018-03-05 14:26:01 - [TEST_STEP][PASSED] - Statement - timeStampScreenshot = new java.text.SimpleDateFormat(dd.MM.yyyy).format(java.util.Calendar.getInstance().getTime()): null

2018-03-05 14:26:01 - [TEST_STEP][PASSED] - Statement - iconmap = [:]: null

2018-03-05 14:26:01 - [TEST_STEP][PASSED] - Statement - txtmap = [:]: null

2018-03-05 14:26:01 - [TEST_STEP][PASSED] - Statement - signmap = [:]: null

2018-03-05 14:26:01 - [TEST_STEP][PASSED] - cupaStefanie.initStart.initialStart: cupaStefanie.initStart.initialStart is PASSED

2018-03-05 14:26:03 - [MESSAGE][PASSED] - Browser is opened with url: ''

2018-03-05 14:26:06 - [MESSAGE][PASSED] - Delayed 3 second(s)

2018-03-05 14:26:08 - [MESSAGE][PASSED] - Navigate to 'https://d16a4dsnr8a0k1.cloudfront.net/en/2455233.html?price=150.00%20%E2%82%AC&partName=wilsonPartName&vin=wilsonVin&modelCode=XP11&paint=P0A94&modelDescription=wilsonModelDescription&additionalEquipment=wilsonAdditionalEquipment' successfully

2018-03-05 14:26:08 - [MESSAGE][PASSED] - Object 'Object Repository/CuPaDl/Loading_indicator' is visible

2018-03-05 14:26:13 - [MESSAGE][PASSED] - Object 'Object Repository/CuPaDl/Loading_indicator' is NOT visible

2018-03-05 14:26:14 - [MESSAGE][PASSED] - Delayed 1 second(s)

2018-03-05 14:26:14 - [MESSAGE][PASSED] - cupaStefanie.initStart.initialStart is PASSED

2018-03-05 14:26:14 - [TEST_STEP][PASSED] - Statement - (step++): null

2018-03-05 14:26:14 - [TEST_STEP][PASSED] - cupaStefanie.color.changecolor: cupaStefanie.color.changecolor is PASSED

2018-03-05 14:26:14 - [MESSAGE][PASSED] - Object 'Object Repository/CuPaDl/Color/Color' is visible

2018-03-05 14:26:14 - [MESSAGE][PASSED] - Object: 'Object Repository/CuPaDl/Color/Color' is clicked on

2018-03-05 14:26:14 - [MESSAGE][WARNING] - Timeout '0' is invalid. Using default page load timeout: '30'

2018-03-05 14:26:14 - [MESSAGE][PASSED] - Object 'Object Repository/CuPaDl/Color/Color_passionred' is visible

2018-03-05 14:26:15 - [MESSAGE][PASSED] - Delayed 1 second(s)

2018-03-05 14:26:15 - [MESSAGE][PASSED] - Object: 'Object Repository/CuPaDl/Color/Color_passionred' is clicked on

2018-03-05 14:26:18 - [MESSAGE][WARNING] - Object 'Object Repository/CuPaDl/Loading_indicator' is not visible after 3 second(s)

2018-03-05 14:26:19 - [MESSAGE][PASSED] - Delayed 1 second(s)

2018-03-05 14:26:19 - [MESSAGE][PASSED] - cupaStefanie.color.changecolor is PASSED

2018-03-05 14:26:19 - [TEST_STEP][PASSED] - Statement - (step++): null

2018-03-05 14:26:19 - [TEST_STEP][ERROR] - cupaStefaniel.chngstruct.changestructure: cupaStefaniel.chngstruct

2018-03-05 14:26:19 - [MESSAGE][ERROR] - cupaStefaniel.chngstruct]]></system-out>
         <system-err><![CDATA[2018-03-05 14:26:01 - [TEST_CASE][ERROR] - Test Cases/CuPaStefanie/2: Test Cases/CuPaStefanie/2 FAILED because (of) java.lang.ClassNotFoundException: cupaStefaniel.chngstruct]]></system-err>
      </testcase>
      <system-out><![CDATA[2018-03-05 14:26:00 - [TEST_SUITE][ERROR] - CuPa: Test Cases/CuPaStefanie/0 FAILED because (of) Variable 'run' is not defined for test case.]]></system-out>
      <system-err><![CDATA[2018-03-05 14:26:00 - [TEST_SUITE][ERROR] - CuPa: Test Cases/CuPaStefanie/0 FAILED because (of) Variable 'run' is not defined for test case.]]></system-err>
   </testsuite>
</testsuites>
