{"devicePlatform":"","logFolder":"D:\\Project\\DS5.2.1\\Reports\\CuPa\\20180305_143048","runData":{"hostName":"Megapoort - DESKTOP-47R6KV7.localdomain","hostAddress":"192.168.100.78","os":"Windows 10 64bit","katalonVersion":"5.3.1.1"},"type":"TEST_SUITE","name":"CuPa","id":"Test Suites/CuPa","source":"","message":"Test Cases/CuPaStefanie/0 FAILED because (of) Variable \u0027run\u0027 is not defined for test case.","description":"","startTime":1520256649644,"endTime":1520256650113,"childRecords":[{"isOptional":false,"type":"TEST_CASE","name":"Test Cases/CuPaStefanie/0","id":"Test Cases/CuPaStefanie/0","source":"D:\\\\Project\\\\DS5.2.1\\\\Test Cases\\\\CuPaStefanie\\\\0.tc","message":"Test Cases/CuPaStefanie/0 FAILED because (of) Variable \u0027run\u0027 is not defined for test case.","description":"","startTime":1520256649859,"endTime":1520256650082,"childRecords":[{"testStatus":{"stackTrace":"","statusValue":"INFO"},"type":"MESSAGE","name":"","message":"Evaluating variables for test case","startTime":1520256649874,"endTime":0,"childRecords":[],"interuppted":false},{"index":1,"isIgnoredIfFailed":false,"type":"TEST_STEP","name":"Statement - timeStamp \u003d new java.text.SimpleDateFormat(dd.MM.yyyy).format(java.util.Calendar.getInstance().getTime())","description":"","startTime":1520256650058,"endTime":1520256650072,"childRecords":[],"interuppted":false},{"index":2,"isIgnoredIfFailed":false,"type":"TEST_STEP","name":"Statement - timeStampScreenshot \u003d new java.text.SimpleDateFormat(dd.MM.yyyy).format(java.util.Calendar.getInstance().getTime())","description":"","startTime":1520256650072,"endTime":1520256650073,"childRecords":[],"interuppted":false},{"index":3,"isIgnoredIfFailed":false,"type":"TEST_STEP","name":"Statement - ps \u003d new java.io.PrintStream((((timeStamp + _Run) + run) + .txt))","description":"","startTime":1520256650075,"endTime":1520256650078,"childRecords":[],"interuppted":false},{"testStatus":{"stackTrace":"","statusValue":"ERROR"},"type":"MESSAGE","name":"","message":"Test Cases/CuPaStefanie/0 FAILED because (of) Variable \u0027run\u0027 is not defined for test case.","startTime":1520256650079,"endTime":0,"childRecords":[],"interuppted":false}],"interuppted":false}],"interuppted":false}